$ uname -srvmpio ; lsb_release -d
Linux 3.13.0-32-generic #57-Ubuntu SMP Tue Jul 15 03:51:08 UTC 2014 x86_64 x86_64 x86_64 GNU/Linux
Description:    Ubuntu 14.04.1 LTS

$ mono --version
Mono JIT compiler version 3.10.0 (tarball Mon Oct 27 14:33:41 IST 2014)
Copyright (C) 2002-2014 Novell, Inc, Xamarin Inc and Contributors. www.mono-project.com
        TLS:           __thread
        SIGSEGV:       altstack
        Notifications: epoll
        Architecture:  amd64
        Disabled:      none
        Misc:          softdebug 
        LLVM:          supported, not enabled.
        GC:            sgen

$ mcs -unsafe Program.cs
Program.cs(21,13): warning CS0219: The variable `fakeInstance' is assigned but its value is never used
Compilation succeeded - 1 warning(s)

$ mono Program.exe 

Unhandled Exception:
System.NullReferenceException: Object reference not set to an instance of an object
  at Program.Main () [0x00000] in <filename unknown>:0 
[ERROR] FATAL UNHANDLED EXCEPTION: System.NullReferenceException: Object reference not set to an instance of an object
  at Program.Main () [0x00000] in <filename unknown>:0 