$ uname -srvmpio ; lsb_release -d
Linux 3.13.0-24-generic #46-Ubuntu SMP Thu Apr 10 19:11:08 UTC 2014 x86_64 x86_64 x86_64 GNU/Linux
Description:  Ubuntu 14.04.1 LTS

$ mono --version
Mono JIT compiler version 2.4.4 (tarball Thu Oct 30 19:13:07 IST 2014)
Copyright (C) 2002-2010 Novell, Inc and Contributors. www.mono-project.com
  TLS:           __thread
  GC:            Included Boehm (with typed GC)
  SIGSEGV:       altstack
  Notifications: epoll
  Architecture:  amd64
  Disabled:      none

$ gmcs -unsafe Program.cs
Program.cs(16,30): error CS0103: The name `__makeref' does not exist in the current context
Program.cs(17,28): error CS0208: Cannot take the address of, get the size of, or declare a pointer to a managed type `object'
/usr/local/lib/mono/2.0/mscorlib.dll (Location of the symbol related to previous error)
Program.cs(22,30): error CS0103: The name `__makeref' does not exist in the current context
Program.cs(23,21): error CS0208: Cannot take the address of, get the size of, or declare a pointer to a managed type `object'
/usr/local/lib/mono/2.0/mscorlib.dll (Location of the symbol related to previous error)
Program.cs(24,16): error CS0103: The name `__refvalue' does not exist in the current context
Compilation failed: 5 error(s), 0 warnings